<?xml version="1.0" encoding="UTF-8"?>
<!-- Generated by org.testng.reporters.JUnitReportReporter -->
<testsuite hostname="sha-lri-pc-256" name="com.test.testcases.AssignmentDemo1" tests="1" failures="0" timestamp="14 Mar 2018 07:03:18 GMT" time="6.528" errors="0">
  <testcase name="loginTest" time="6.528" classname="com.test.testcases.AssignmentDemo1"/>
</testsuite> <!-- com.test.testcases.AssignmentDemo1 -->
