<?xml version="1.0" encoding="UTF-8"?>
<!-- Generated by org.testng.reporters.JUnitReportReporter -->
<testsuite hostname="sha-lri-pc-256" name="com.test.testcases.AssignmentDemo1" tests="1" failures="0" timestamp="12 Mar 2018 09:45:54 GMT" time="8.474" errors="0">
  <testcase name="loginTest" time="8.474" classname="com.test.testcases.AssignmentDemo1"/>
</testsuite> <!-- com.test.testcases.AssignmentDemo1 -->
